#
# There is insufficient memory for the Java Runtime Environment to continue.
# Native memory allocation (malloc) failed to allocate 4092 bytes for AllocateHeap
# Possible reasons:
#   The system is out of physical RAM or swap space
#   In 32 bit mode, the process size limit was hit
# Possible solutions:
#   Reduce memory load on the system
#   Increase physical memory or swap space
#   Check if swap backing store is full
#   Use 64 bit Java on a 64 bit OS
#   Decrease Java heap size (-Xmx/-Xms)
#   Decrease number of Java threads
#   Decrease Java thread stack sizes (-Xss)
#   Set larger code cache with -XX:ReservedCodeCacheSize=
# This output file may be truncated or incomplete.
#
#  Out of Memory Error (memory/allocation.inline.hpp:61), pid=23452, tid=0x00002dcc
#
# JRE version: Java(TM) SE Runtime Environment (8.0_161-b12) (build 1.8.0_161-b12)
# Java VM: Java HotSpot(TM) Client VM (25.161-b12 mixed mode windows-x86 )
# Failed to write core dump. Minidumps are not enabled by default on client versions of Windows
#

---------------  T H R E A D  ---------------

Current thread (0x453d0c00):  VMThread [stack: 0x04b30000,0x04b80000] [id=11724]

Stack: [0x04b30000,0x04b80000],  sp=0x04b7efdc,  free space=315k
Native frames: (J=compiled Java code, j=interpreted, Vv=VM code, C=native code)
V  [jvm.dll+0x1ab53b]
V  [jvm.dll+0x1a3c68]
V  [jvm.dll+0x9514d]
V  [jvm.dll+0x1793f]
V  [jvm.dll+0xc0a75]
V  [jvm.dll+0x1b6ac1]
V  [jvm.dll+0x1b6cbc]
V  [jvm.dll+0x17b673]
V  [jvm.dll+0x17a19a]
V  [jvm.dll+0x98cf0]
V  [jvm.dll+0x99fe1]
V  [jvm.dll+0x9bd70]
V  [jvm.dll+0x9c209]
V  [jvm.dll+0x9af8f]
V  [jvm.dll+0xa7272]
V  [jvm.dll+0x99bb3]
V  [jvm.dll+0x93b25]
V  [jvm.dll+0x1b9ef6]
V  [jvm.dll+0x18411b]
V  [jvm.dll+0x183521]
V  [jvm.dll+0x183937]
V  [jvm.dll+0x183b32]
V  [jvm.dll+0x1c3be6]
C  [msvcr100.dll+0x10fac]
C  [msvcr100.dll+0x110b1]
C  [KERNEL32.DLL+0x1fe09]
C  [ntdll.dll+0x6607d]
C  [ntdll.dll+0x6604d]

VM_Operation (0x0292f060): GenCollectForAllocation, mode: safepoint, requested by thread 0x02a6e000


---------------  P R O C E S S  ---------------

Java Threads: ( => current thread )
  0x45575400 JavaThread "pool-2-thread-1" [_thread_blocked, id=23996, stack(0x45b10000,0x45b60000)]
  0x45577400 JavaThread "pool-1-thread-1" [_thread_blocked, id=2444, stack(0x45a80000,0x45ad0000)]
  0x45420000 JavaThread "Service Thread" daemon [_thread_blocked, id=9868, stack(0x45960000,0x459b0000)]
  0x45400c00 JavaThread "C1 CompilerThread0" daemon [_thread_blocked, id=13472, stack(0x458d0000,0x45920000)]
  0x453ff800 JavaThread "Attach Listener" daemon [_thread_blocked, id=8916, stack(0x45840000,0x45890000)]
  0x453ef000 JavaThread "Signal Dispatcher" daemon [_thread_blocked, id=26520, stack(0x457b0000,0x45800000)]
  0x453ec000 JavaThread "Finalizer" daemon [_thread_blocked, id=8964, stack(0x45620000,0x45670000)]
  0x453d6000 JavaThread "Reference Handler" daemon [_thread_blocked, id=16400, stack(0x455d0000,0x45620000)]
  0x02a6e000 JavaThread "main" [_thread_blocked, id=14892, stack(0x028e0000,0x02930000)]

Other Threads:
=>0x453d0c00 VMThread [stack: 0x04b30000,0x04b80000] [id=11724]
  0x4540b400 WatcherThread [stack: 0x459f0000,0x45a40000] [id=22696]

VM state:at safepoint (normal execution)

VM Mutex/Monitor currently owned by a thread:  ([mutex/lock_event])
[0x02a6cd90] Threads_lock - owner thread: 0x453d0c00
[0x02a6d3a8] Heap_lock - owner thread: 0x02a6e000

Heap:
 def new generation   total 66816K, used 66815K [0x04c00000, 0x09480000, 0x1a150000)
  eden space 59392K, 100% used [0x04c00000, 0x08600000, 0x08600000)
  from space 7424K,  99% used [0x08d40000, 0x0947fff8, 0x09480000)
  to   space 7424K,   0% used [0x08600000, 0x08600000, 0x08d40000)
 tenured generation   total 155016K, used 154992K [0x1a150000, 0x238b2000, 0x44c00000)
   the space 155016K,  99% used [0x1a150000, 0x238ac380, 0x238ac400, 0x238b2000)
 Metaspace       used 3548K, capacity 3598K, committed 3648K, reserved 4480K

Card table byte_map: [0x44c00000,0x44e10000] byte_map_base: 0x44bda000

Polling page: 0x010c0000

CodeCache: size=32768Kb used=3208Kb max_used=3208Kb free=29559Kb
 bounds [0x02a70000, 0x02d98000, 0x04a70000]
 total_blobs=1564 nmethods=1420 adapters=74
 compilation: enabled

Compilation events (10 events):
Event: 14.834 Thread 0x45400c00 1419             java.util.Vector::grow (57 bytes)
Event: 14.835 Thread 0x45400c00 nmethod 1419 0x02d8fac8 code [0x02d8fbe0, 0x02d8fd58]
Event: 15.640 Thread 0x45400c00 1420             com.android.dx.dex.file.AnnotationUtils::makeCstArray (57 bytes)
Event: 15.641 Thread 0x45400c00 nmethod 1420 0x02d8fe88 code [0x02d90010, 0x02d90470]
Event: 15.657 Thread 0x45400c00 1421             com.android.dx.cf.code.BytecodeArray::parseTableswitch (205 bytes)
Event: 15.658 Thread 0x45400c00 nmethod 1421 0x02d90ac8 code [0x02d90ca0, 0x02d911d8]
Event: 15.659 Thread 0x45400c00 1422             com.android.dx.cf.code.SwitchList::add (35 bytes)
Event: 15.659 Thread 0x45400c00 nmethod 1422 0x02d91b08 code [0x02d91c40, 0x02d91e10]
Event: 15.728 Thread 0x45400c00 1423             java.util.HashMap::comparableClassFor (105 bytes)
Event: 15.728 Thread 0x45400c00 nmethod 1423 0x02d91fc8 code [0x02d92130, 0x02d923ec]

GC Heap History (10 events):
Event: 11.694 GC heap after
Heap after GC invocations=50 (full 11):
 def new generation   total 56000K, used 5644K [0x04c00000, 0x088c0000, 0x1a150000)
  eden space 49792K,  11% used [0x04c00000, 0x051830a0, 0x07ca0000)
  from space 6208K,   0% used [0x07ca0000, 0x07ca0000, 0x082b0000)
  to   space 6208K,   0% used [0x082b0000, 0x082b0000, 0x088c0000)
 tenured generation   total 124312K, used 124312K [0x1a150000, 0x21ab6000, 0x44c00000)
   the space 124312K, 100% used [0x1a150000, 0x21ab6000, 0x21ab6000, 0x21ab6000)
 Metaspace       used 3547K, capacity 3598K, committed 3648K, reserved 4480K
}
Event: 11.867 GC heap before
{Heap before GC invocations=50 (full 11):
 def new generation   total 56000K, used 49792K [0x04c00000, 0x088c0000, 0x1a150000)
  eden space 49792K, 100% used [0x04c00000, 0x07ca0000, 0x07ca0000)
  from space 6208K,   0% used [0x07ca0000, 0x07ca0000, 0x082b0000)
  to   space 6208K,   0% used [0x082b0000, 0x082b0000, 0x088c0000)
 tenured generation   total 124312K, used 124312K [0x1a150000, 0x21ab6000, 0x44c00000)
   the space 124312K, 100% used [0x1a150000, 0x21ab6000, 0x21ab6000, 0x21ab6000)
 Metaspace       used 3547K, capacity 3598K, committed 3648K, reserved 4480K
Event: 12.730 GC heap after
Heap after GC invocations=51 (full 12):
 def new generation   total 58560K, used 5042K [0x04c00000, 0x08b80000, 0x1a150000)
  eden space 52096K,   9% used [0x04c00000, 0x050ec910, 0x07ee0000)
  from space 6464K,   0% used [0x07ee0000, 0x07ee0000, 0x08530000)
  to   space 6464K,   0% used [0x08530000, 0x08530000, 0x08b80000)
 tenured generation   total 129944K, used 129943K [0x1a150000, 0x22036000, 0x44c00000)
   the space 129944K,  99% used [0x1a150000, 0x22035ff8, 0x22036000, 0x22036000)
 Metaspace       used 3547K, capacity 3598K, committed 3648K, reserved 4480K
}
Event: 12.888 GC heap before
{Heap before GC invocations=51 (full 12):
 def new generation   total 58560K, used 52096K [0x04c00000, 0x08b80000, 0x1a150000)
  eden space 52096K, 100% used [0x04c00000, 0x07ee0000, 0x07ee0000)
  from space 6464K,   0% used [0x07ee0000, 0x07ee0000, 0x08530000)
  to   space 6464K,   0% used [0x08530000, 0x08530000, 0x08b80000)
 tenured generation   total 129944K, used 129943K [0x1a150000, 0x22036000, 0x44c00000)
   the space 129944K,  99% used [0x1a150000, 0x22035ff8, 0x22036000, 0x22036000)
 Metaspace       used 3547K, capacity 3598K, committed 3648K, reserved 4480K
Event: 13.629 GC heap after
Heap after GC invocations=52 (full 13):
 def new generation   total 60864K, used 6353K [0x04c00000, 0x08e00000, 0x1a150000)
  eden space 54144K,  11% used [0x04c00000, 0x05234528, 0x080e0000)
  from space 6720K,   0% used [0x080e0000, 0x080e0000, 0x08770000)
  to   space 6720K,   0% used [0x08770000, 0x08770000, 0x08e00000)
 tenured generation   total 135064K, used 134970K [0x1a150000, 0x22536000, 0x44c00000)
   the space 135064K,  99% used [0x1a150000, 0x2251eac8, 0x2251ec00, 0x22536000)
 Metaspace       used 3547K, capacity 3598K, committed 3648K, reserved 4480K
}
Event: 13.842 GC heap before
{Heap before GC invocations=52 (full 13):
 def new generation   total 60864K, used 54144K [0x04c00000, 0x08e00000, 0x1a150000)
  eden space 54144K, 100% used [0x04c00000, 0x080e0000, 0x080e0000)
  from space 6720K,   0% used [0x080e0000, 0x080e0000, 0x08770000)
  to   space 6720K,   0% used [0x08770000, 0x08770000, 0x08e00000)
 tenured generation   total 135064K, used 134970K [0x1a150000, 0x22536000, 0x44c00000)
   the space 135064K,  99% used [0x1a150000, 0x2251eac8, 0x2251ec00, 0x22536000)
 Metaspace       used 3547K, capacity 3598K, committed 3648K, reserved 4480K
Event: 14.619 GC heap after
Heap after GC invocations=53 (full 14):
 def new generation   total 64192K, used 6428K [0x04c00000, 0x091a0000, 0x1a150000)
  eden space 57088K,  11% used [0x04c00000, 0x05247368, 0x083c0000)
  from space 7104K,   0% used [0x083c0000, 0x083c0000, 0x08ab0000)
  to   space 7104K,   0% used [0x08ab0000, 0x08ab0000, 0x091a0000)
 tenured generation   total 142488K, used 142488K [0x1a150000, 0x22c76000, 0x44c00000)
   the space 142488K, 100% used [0x1a150000, 0x22c76000, 0x22c76000, 0x22c76000)
 Metaspace       used 3547K, capacity 3598K, committed 3648K, reserved 4480K
}
Event: 14.852 GC heap before
{Heap before GC invocations=53 (full 14):
 def new generation   total 64192K, used 57088K [0x04c00000, 0x091a0000, 0x1a150000)
  eden space 57088K, 100% used [0x04c00000, 0x083c0000, 0x083c0000)
  from space 7104K,   0% used [0x083c0000, 0x083c0000, 0x08ab0000)
  to   space 7104K,   0% used [0x08ab0000, 0x08ab0000, 0x091a0000)
 tenured generation   total 142488K, used 142488K [0x1a150000, 0x22c76000, 0x44c00000)
   the space 142488K, 100% used [0x1a150000, 0x22c76000, 0x22c76000, 0x22c76000)
 Metaspace       used 3548K, capacity 3598K, committed 3648K, reserved 4480K
Event: 15.566 GC heap after
Heap after GC invocations=54 (full 15):
 def new generation   total 66816K, used 7022K [0x04c00000, 0x09480000, 0x1a150000)
  eden space 59392K,  11% used [0x04c00000, 0x052dba78, 0x08600000)
  from space 7424K,   0% used [0x08600000, 0x08600000, 0x08d40000)
  to   space 7424K,   0% used [0x08d40000, 0x08d40000, 0x09480000)
 tenured generation   total 148376K, used 148374K [0x1a150000, 0x23236000, 0x44c00000)
   the space 148376K,  99% used [0x1a150000, 0x23235ae0, 0x23235c00, 0x23236000)
 Metaspace       used 3548K, capacity 3598K, committed 3648K, reserved 4480K
}
Event: 15.783 GC heap before
{Heap before GC invocations=54 (full 15):
 def new generation   total 66816K, used 59392K [0x04c00000, 0x09480000, 0x1a150000)
  eden space 59392K, 100% used [0x04c00000, 0x08600000, 0x08600000)
  from space 7424K,   0% used [0x08600000, 0x08600000, 0x08d40000)
  to   space 7424K,   0% used [0x08d40000, 0x08d40000, 0x09480000)
 tenured generation   total 148376K, used 148374K [0x1a150000, 0x23236000, 0x44c00000)
   the space 148376K,  99% used [0x1a150000, 0x23235ae0, 0x23235c00, 0x23236000)
 Metaspace       used 3548K, capacity 3598K, committed 3648K, reserved 4480K

Deoptimization events (0 events):
No events

Classes redefined (0 events):
No events

Internal exceptions (5 events):
Event: 0.619 Thread 0x02a6e000 Exception <a 'java/lang/NoSuchMethodError': Method sun.misc.Unsafe.defineClass(Ljava/lang/String;[BII)Ljava/lang/Class; name or signature does not match> (0x04c06e90) thrown at [C:\re\workspace\8-2-build-windows-i586-cygwin\jdk8u161\10277\hotspot\src\shar
Event: 0.619 Thread 0x02a6e000 Exception <a 'java/lang/NoSuchMethodError': Method sun.misc.Unsafe.prefetchRead(Ljava/lang/Object;J)V name or signature does not match> (0x04c07160) thrown at [C:\re\workspace\8-2-build-windows-i586-cygwin\jdk8u161\10277\hotspot\src\share\vm\prims\jni.cpp
Event: 3.395 Thread 0x45577400 Exception <a 'java/lang/ArrayIndexOutOfBoundsException': 18> (0x05709eb8) thrown at [C:\re\workspace\8-2-build-windows-i586-cygwin\jdk8u161\10277\hotspot\src\share\vm\interpreter\interpreterRuntime.cpp, line 366]
Event: 3.395 Thread 0x45577400 Exception <a 'java/lang/ArrayIndexOutOfBoundsException': 145> (0x0570b758) thrown at [C:\re\workspace\8-2-build-windows-i586-cygwin\jdk8u161\10277\hotspot\src\share\vm\interpreter\interpreterRuntime.cpp, line 366]
Event: 3.406 Thread 0x45577400 Exception <a 'java/lang/ArrayIndexOutOfBoundsException': 40> (0x0570c838) thrown at [C:\re\workspace\8-2-build-windows-i586-cygwin\jdk8u161\10277\hotspot\src\share\vm\interpreter\interpreterRuntime.cpp, line 366]

Events (10 events):
Event: 11.694 Executing VM operation: GenCollectForAllocation done
Event: 11.867 Executing VM operation: GenCollectForAllocation
Event: 12.730 Executing VM operation: GenCollectForAllocation done
Event: 12.888 Executing VM operation: GenCollectForAllocation
Event: 13.629 Executing VM operation: GenCollectForAllocation done
Event: 13.842 Executing VM operation: GenCollectForAllocation
Event: 14.619 Executing VM operation: GenCollectForAllocation done
Event: 14.852 Executing VM operation: GenCollectForAllocation
Event: 15.566 Executing VM operation: GenCollectForAllocation done
Event: 15.783 Executing VM operation: GenCollectForAllocation


Dynamic libraries:
0x00d60000 - 0x00d93000 	C:\Program Files (x86)\Java\jdk1.8.0_161\bin\java.exe
0x77310000 - 0x774ac000 	C:\WINDOWS\SYSTEM32\ntdll.dll
0x75120000 - 0x75200000 	C:\WINDOWS\System32\KERNEL32.DLL
0x760d0000 - 0x762c9000 	C:\WINDOWS\System32\KERNELBASE.dll
0x738e0000 - 0x7397c000 	C:\WINDOWS\SYSTEM32\apphelp.dll
0x748f0000 - 0x7496f000 	C:\WINDOWS\System32\SYSFER.DLL
0x74b00000 - 0x74b7e000 	C:\WINDOWS\System32\ADVAPI32.dll
0x75200000 - 0x752c0000 	C:\WINDOWS\System32\msvcrt.dll
0x76a10000 - 0x76a89000 	C:\WINDOWS\System32\sechost.dll
0x75990000 - 0x75a4f000 	C:\WINDOWS\System32\RPCRT4.dll
0x74980000 - 0x749a0000 	C:\WINDOWS\System32\SspiCli.dll
0x74970000 - 0x7497a000 	C:\WINDOWS\System32\CRYPTBASE.dll
0x75430000 - 0x75492000 	C:\WINDOWS\System32\bcryptPrimitives.dll
0x76b00000 - 0x76c99000 	C:\WINDOWS\System32\USER32.dll
0x77240000 - 0x77257000 	C:\WINDOWS\System32\win32u.dll
0x76030000 - 0x76053000 	C:\WINDOWS\System32\GDI32.dll
0x75820000 - 0x75986000 	C:\WINDOWS\System32\gdi32full.dll
0x77120000 - 0x771a0000 	C:\WINDOWS\System32\msvcp_win.dll
0x74b90000 - 0x74cb3000 	C:\WINDOWS\System32\ucrtbase.dll
0x72790000 - 0x7299f000 	C:\WINDOWS\WinSxS\x86_microsoft.windows.common-controls_6595b64144ccf1df_6.0.17763.107_none_4d636f5b1b9a8e74\COMCTL32.dll
0x76ca0000 - 0x76f1e000 	C:\WINDOWS\System32\combase.dll
0x75a50000 - 0x75a75000 	C:\WINDOWS\System32\IMM32.DLL
0x789e0000 - 0x78a9d000 	C:\Program Files (x86)\Java\jdk1.8.0_161\jre\bin\msvcr100.dll
0x6ceb0000 - 0x6d280000 	C:\Program Files (x86)\Java\jdk1.8.0_161\jre\bin\client\jvm.dll
0x74b80000 - 0x74b86000 	C:\WINDOWS\System32\PSAPI.DLL
0x72df0000 - 0x72df8000 	C:\WINDOWS\SYSTEM32\WSOCK32.dll
0x76a90000 - 0x76aef000 	C:\WINDOWS\System32\WS2_32.dll
0x742e0000 - 0x742e8000 	C:\WINDOWS\SYSTEM32\VERSION.dll
0x72dc0000 - 0x72de4000 	C:\WINDOWS\SYSTEM32\WINMM.dll
0x72d90000 - 0x72db3000 	C:\WINDOWS\SYSTEM32\WINMMBASE.dll
0x76060000 - 0x7609b000 	C:\WINDOWS\System32\cfgmgr32.dll
0x70ba0000 - 0x70bac000 	C:\Program Files (x86)\Java\jdk1.8.0_161\jre\bin\verify.dll
0x6ce30000 - 0x6ce52000 	C:\Program Files (x86)\Java\jdk1.8.0_161\jre\bin\java.dll
0x704a0000 - 0x704b4000 	C:\Program Files (x86)\Java\jdk1.8.0_161\jre\bin\zip.dll
0x75ae0000 - 0x7602d000 	C:\WINDOWS\System32\SHELL32.dll
0x75790000 - 0x75819000 	C:\WINDOWS\System32\shcore.dll
0x762d0000 - 0x768ca000 	C:\WINDOWS\System32\windows.storage.dll
0x760a0000 - 0x760bc000 	C:\WINDOWS\System32\profapi.dll
0x754a0000 - 0x754f4000 	C:\WINDOWS\System32\powrprof.dll
0x75740000 - 0x75784000 	C:\WINDOWS\System32\shlwapi.dll
0x76af0000 - 0x76aff000 	C:\WINDOWS\System32\kernel.appcore.dll
0x77100000 - 0x77112000 	C:\WINDOWS\System32\cryptsp.dll

VM Arguments:
jvm_args: -Xmx1G 
java_command: C:\Program Files (x86)\Android\android-sdk\build-tools\25.0.3\\lib\dx.jar --dex --no-strict --output obj\Debug\MonoAndroid81\android\bin D:\Amit\Project\TPR\Android\SatoScanningApp\SatoScanningApp\obj\Debug\MonoAndroid81\android\bin\classes.zip C:\Program Files (x86)\Microsoft Visual Studio\2017\Professional\Common7\IDE\ReferenceAssemblies\Microsoft\Framework\MonoAndroid\v8.1\mono.android.jar obj\\Debug\MonoAndroid81\lp\1\jl\arch-core-common.jar obj\\Debug\MonoAndroid81\lp\10\jl\bin\classes.jar obj\\Debug\MonoAndroid81\lp\11\jl\bin\classes.jar obj\\Debug\MonoAndroid81\lp\12\jl\bin\classes.jar obj\\Debug\MonoAndroid81\lp\13\jl\bin\classes.jar obj\\Debug\MonoAndroid81\lp\14\jl\bin\classes.jar obj\\Debug\MonoAndroid81\lp\15\jl\bin\classes.jar obj\\Debug\MonoAndroid81\lp\2\jl\arch-lifecycle-common.jar obj\\Debug\MonoAndroid81\lp\3\jl\bin\classes.jar obj\\Debug\MonoAndroid81\lp\4\jl\bin\classes.jar obj\\Debug\MonoAndroid81\lp\6\jl\bin\classes.jar obj\\Debug\MonoAndroid81\lp\7\jl\bin\classes.jar obj\\Debug\MonoAndroid81\lp\8\jl\bin\classes.jar obj\\Debug\MonoAndroid81\lp\9\jl\bin\classes.jar
java_class_path (initial): C:\Program Files (x86)\Android\android-sdk\build-tools\25.0.3\\lib\dx.jar
Launcher Type: SUN_STANDARD

Environment Variables:
JAVA_HOME=C:\Program Files (x86)\Java\jdk1.8.0_161
PATH=C:\Program Files (x86)\Java\jdk1.8.0_161\bin;C:\Program Files (x86)\Common Files\Oracle\Java\javapath;C:\ProgramData\Oracle\Java\javapath;C:\Program Files\Microsoft MPI\Bin\;C:\Program Files (x86)\Intel\iCLS Client\;C:\Program Files\Intel\iCLS Client\;C:\WINDOWS\system32;C:\WINDOWS;C:\WINDOWS\System32\Wbem;C:\WINDOWS\System32\WindowsPowerShell\v1.0\;C:\Program Files (x86)\Intel\Intel(R) Management Engine Components\DAL;C:\Program Files\Intel\Intel(R) Management Engine Components\DAL;C:\Program Files (x86)\Intel\Intel(R) Management Engine Components\IPT;C:\Program Files\Intel\Intel(R) Management Engine Components\IPT;C:\Program Files\Intel\WiFi\bin\;C:\Program Files\Common Files\Intel\WirelessCommon\;C:\Program Files\dotnet\;C:\Program Files\Microsoft SQL Server\130\Tools\Binn\;C:\Program Files\Microsoft SQL Server\110\DTS\Binn\;C:\Program Files (x86)\Microsoft SQL Server\110\Tools\Binn\ManagementStudio\;C:\Program Files (x86)\Microsoft SQL Server\110\Tools\Binn\;C:\Program Files\Microsoft SQL Server\110\Tools\Binn\;C:\Program Files (x86)\Microsoft Visual Studio 10.0\Common7\IDE\PrivateAssemblies\;C:\Program Files (x86)\Microsoft SQL Server\110\DTS\Binn\;C:\Program Files (x86)\Microsoft SQL Server\130\Tools\Binn\;C:\Program Files (x86)\Microsoft SQL Server\130\DTS\Binn\;C:\Program Files\Microsoft SQL Server\130\DTS\Binn\;C:\Program Files\Microsoft SQL Server\Client SDK\ODBC\130\Tools\Binn\;C:\Program Files (x86)\Microsoft SQL Server\Client SDK\ODBC\130\Tools\Binn\;C:\Program Files (x86)\Microsoft SQL Server\140\Tools\Binn\;C:\Program Files (x86)\Microsoft SQL Server\140\DTS\Binn\;C:\Program Files (x86)\Microsoft SQL Server\140\Tools\Binn\ManagementStudio\;C:\Program Files (x86)\Microsoft SQL Server\90\Tools\binn\;C:\Program Files\Git\cmd;C:\Program Files\nodejs\;C:\WINDOWS\System32\OpenSSH\;C:\Users\sar.amit.tomar\AppData\Local\Microsoft\WindowsApps;C:\Users\sar.amit.tomar\AppData\Roaming\npm;C:\Program Files\Microsoft Visual Code\bin;
USERNAME=sar.amit.tomar
OS=Windows_NT
PROCESSOR_IDENTIFIER=Intel64 Family 6 Model 142 Stepping 9, GenuineIntel



---------------  S Y S T E M  ---------------

OS: Windows 10.0 , 64 bit Build 17763 (10.0.17763.1)

CPU:total 4 (initial active 4) (2 cores per cpu, 2 threads per core) family 6 model 142 stepping 9, cmov, cx8, fxsr, mmx, sse, sse2, sse3, ssse3, sse4.1, sse4.2, popcnt, avx, avx2, aes, clmul, erms, 3dnowpref, lzcnt, ht, tsc, tscinvbit, bmi1, bmi2, adx

Memory: 4k page, physical 8266384k(983032k free), swap 33432208k(1148k free)

vm_info: Java HotSpot(TM) Client VM (25.161-b12) for windows-x86 JRE (1.8.0_161-b12), built on Dec 19 2017 17:09:29 by "java_re" with MS VC++ 10.0 (VS2010)

time: Fri May 17 12:22:44 2019
elapsed time: 16 seconds (0d 0h 0m 16s)

